<?xml version="1.0" encoding="UTF-8"?>
<!-- Generated by org.testng.reporters.JUnitReportReporter -->
<testsuite hostname="Manikanta_A" failures="0" tests="1" name="collectionReqres.Reqres" time="3.542" errors="0" timestamp="2023-04-11T12:03:01 IST" skipped="0">
  <testcase classname="collectionReqres.Reqres" name="listUsers" time="3.542"/>
  <system-out/>
</testsuite> <!-- collectionReqres.Reqres -->
